# JRE version: Java(TM) SE Runtime Environment (17.0.5+9) (build 17.0.5+9-LTS-191)
# Java VM: Java HotSpot(TM) 64-Bit Server VM (17.0.5+9-LTS-191, mixed mode, sharing, tiered, compressed oops, compressed class ptrs, g1 gc, windows-amd64)
GC Precious Log:
 CPUs: 8 total, 8 available
 Memory: 8070M
 Large Page Support: Disabled
 NUMA Support: Disabled
 Compressed Oops: Enabled (32-bit)
 Heap Region Size: 1M
 Heap Min Capacity: 8M
 Heap Initial Capacity: 128M
 Heap Max Capacity: 2018M
 Pre-touch: Disabled
 Parallel Workers: 8
 Concurrent Workers: 2
 Concurrent Refinement Workers: 8
 Periodic GC: Disabled
Heap:
 garbage-first heap   total 131072K, used 65236K [0x0000000081e00000, 0x0000000100000000)
  region size 1024K, 5 young (5120K), 5 survivors (5120K)
 Metaspace       used 74072K, committed 74560K, reserved 1122304K
  class space    used 8934K, committed 9152K, reserved 1048576K
GC Heap History (20 events):
Event: 22.972 GC heap after
{Heap after GC invocations=23 (full 0):
 garbage-first heap   total 109568K, used 27330K [0x0000000081e00000, 0x0000000100000000)
  region size 1024K, 6 young (6144K), 6 survivors (6144K)
 Metaspace       used 58100K, committed 58496K, reserved 1105920K
  class space    used 6987K, committed 7168K, reserved 1048576K
}
Event: 23.582 GC heap before
{Heap before GC invocations=23 (full 0):
 garbage-first heap   total 109568K, used 49858K [0x0000000081e00000, 0x0000000100000000)
  region size 1024K, 29 young (29696K), 6 survivors (6144K)
 Metaspace       used 59908K, committed 60288K, reserved 1105920K
  class space    used 7245K, committed 7424K, reserved 1048576K
}
Event: 23.600 GC heap after
{Heap after GC invocations=24 (full 0):
 garbage-first heap   total 109568K, used 26700K [0x0000000081e00000, 0x0000000100000000)
  region size 1024K, 3 young (3072K), 3 survivors (3072K)
 Metaspace       used 59908K, committed 60288K, reserved 1105920K
  class space    used 7245K, committed 7424K, reserved 1048576K
}
Event: 25.312 GC heap before
{Heap before GC invocations=25 (full 0):
 garbage-first heap   total 99328K, used 83020K [0x0000000081e00000, 0x0000000100000000)
  region size 1024K, 58 young (59392K), 3 survivors (3072K)
 Metaspace       used 62704K, committed 63104K, reserved 1105920K
  class space    used 7688K, committed 7872K, reserved 1048576K
}
Event: 25.321 GC heap after
{Heap after GC invocations=26 (full 0):
 garbage-first heap   total 99328K, used 26836K [0x0000000081e00000, 0x0000000100000000)
  region size 1024K, 3 young (3072K), 3 survivors (3072K)
 Metaspace       used 62704K, committed 63104K, reserved 1105920K
  class space    used 7688K, committed 7872K, reserved 1048576K
}
Event: 26.236 GC heap before
{Heap before GC invocations=26 (full 0):
 garbage-first heap   total 99328K, used 83156K [0x0000000081e00000, 0x0000000100000000)
  region size 1024K, 58 young (59392K), 3 survivors (3072K)
 Metaspace       used 65512K, committed 65920K, reserved 1114112K
  class space    used 7983K, committed 8192K, reserved 1048576K
}
Event: 26.253 GC heap after
{Heap after GC invocations=27 (full 0):
 garbage-first heap   total 99328K, used 28133K [0x0000000081e00000, 0x0000000100000000)
  region size 1024K, 5 young (5120K), 5 survivors (5120K)
 Metaspace       used 65512K, committed 65920K, reserved 1114112K
  class space    used 7983K, committed 8192K, reserved 1048576K
}
Event: 27.499 GC heap before
{Heap before GC invocations=27 (full 0):
 garbage-first heap   total 99328K, used 82405K [0x0000000081e00000, 0x0000000100000000)
  region size 1024K, 58 young (59392K), 5 survivors (5120K)
 Metaspace       used 68095K, committed 68480K, reserved 1114112K
  class space    used 8324K, committed 8512K, reserved 1048576K
}
Event: 27.520 GC heap after
{Heap after GC invocations=28 (full 0):
 garbage-first heap   total 99328K, used 28884K [0x0000000081e00000, 0x0000000100000000)
  region size 1024K, 5 young (5120K), 5 survivors (5120K)
 Metaspace       used 68095K, committed 68480K, reserved 1114112K
  class space    used 8324K, committed 8512K, reserved 1048576K
}
Event: 28.789 GC heap before
{Heap before GC invocations=28 (full 0):
 garbage-first heap   total 99328K, used 83156K [0x0000000081e00000, 0x0000000100000000)
  region size 1024K, 58 young (59392K), 5 survivors (5120K)
 Metaspace       used 70214K, committed 70656K, reserved 1114112K
  class space    used 8547K, committed 8768K, reserved 1048576K
}
Event: 28.815 GC heap after
{Heap after GC invocations=29 (full 0):
 garbage-first heap   total 99328K, used 30321K [0x0000000081e00000, 0x0000000100000000)
  region size 1024K, 5 young (5120K), 5 survivors (5120K)
 Metaspace       used 70214K, committed 70656K, reserved 1114112K
  class space    used 8547K, committed 8768K, reserved 1048576K
}
Event: 30.203 GC heap before
{Heap before GC invocations=29 (full 0):
 garbage-first heap   total 99328K, used 82545K [0x0000000081e00000, 0x0000000100000000)
  region size 1024K, 56 young (57344K), 5 survivors (5120K)
 Metaspace       used 72409K, committed 72832K, reserved 1114112K
  class space    used 8816K, committed 9024K, reserved 1048576K
}
Event: 30.239 GC heap after
{Heap after GC invocations=30 (full 0):
 garbage-first heap   total 119808K, used 31547K [0x0000000081e00000, 0x0000000100000000)
  region size 1024K, 5 young (5120K), 5 survivors (5120K)
 Metaspace       used 72409K, committed 72832K, reserved 1114112K
  class space    used 8816K, committed 9024K, reserved 1048576K
}
Event: 31.280 GC heap before
{Heap before GC invocations=30 (full 0):
 garbage-first heap   total 119808K, used 98107K [0x0000000081e00000, 0x0000000100000000)
  region size 1024K, 70 young (71680K), 5 survivors (5120K)
 Metaspace       used 73721K, committed 74176K, reserved 1122304K
  class space    used 8921K, committed 9088K, reserved 1048576K
}
Event: 31.324 GC heap after
{Heap after GC invocations=31 (full 0):
 garbage-first heap   total 119808K, used 40141K [0x0000000081e00000, 0x0000000100000000)
  region size 1024K, 9 young (9216K), 9 survivors (9216K)
 Metaspace       used 73721K, committed 74176K, reserved 1122304K
  class space    used 8921K, committed 9088K, reserved 1048576K
}
Event: 32.020 GC heap before
{Heap before GC invocations=31 (full 0):
 garbage-first heap   total 119808K, used 94413K [0x0000000081e00000, 0x0000000100000000)
  region size 1024K, 62 young (63488K), 9 survivors (9216K)
 Metaspace       used 73929K, committed 74368K, reserved 1122304K
  class space    used 8933K, committed 9152K, reserved 1048576K
}
Event: 32.100 GC heap after
{Heap after GC invocations=32 (full 0):
 garbage-first heap   total 119808K, used 53460K [0x0000000081e00000, 0x0000000100000000)
  region size 1024K, 8 young (8192K), 8 survivors (8192K)
 Metaspace       used 73929K, committed 74368K, reserved 1122304K
  class space    used 8933K, committed 9152K, reserved 1048576K
}
Event: 32.617 GC heap before
{Heap before GC invocations=32 (full 0):
 garbage-first heap   total 119808K, used 90324K [0x0000000081e00000, 0x0000000100000000)
  region size 1024K, 44 young (45056K), 8 survivors (8192K)
 Metaspace       used 74028K, committed 74496K, reserved 1122304K
  class space    used 8933K, committed 9152K, reserved 1048576K
}
Event: 32.674 GC heap after
{Heap after GC invocations=33 (full 0):
 garbage-first heap   total 119808K, used 60628K [0x0000000081e00000, 0x0000000100000000)
  region size 1024K, 6 young (6144K), 6 survivors (6144K)
 Metaspace       used 74028K, committed 74496K, reserved 1122304K
  class space    used 8933K, committed 9152K, reserved 1048576K
}
Event: 33.048 GC heap before
{Heap before GC invocations=33 (full 0):
 garbage-first heap   total 119808K, used 71892K [0x0000000081e00000, 0x0000000100000000)
  region size 1024K, 18 young (18432K), 6 survivors (6144K)
 Metaspace       used 74072K, committed 74560K, reserved 1122304K
  class space    used 8934K, committed 9152K, reserved 1048576K
}

